<?xml version="1.0" encoding="UTF-8"?>
<testng-results ignored="0" total="4" passed="4" failed="0" skipped="0">
  <reporter-output>
  </reporter-output>
  <suite started-at="2024-12-09T16:00:58 IST" name="Suite" finished-at="2024-12-09T16:00:58 IST" duration-ms="22">
    <groups>
    </groups>
    <test started-at="2024-12-09T16:00:58 IST" name="Test" finished-at="2024-12-09T16:00:58 IST" duration-ms="22">
      <class name="com.vtiger.crm.createContact.ContactTest">
        <test-method signature="createContactTest()[pri:0, instance:com.vtiger.crm.createContact.ContactTest@4b8ee4de]" started-at="2024-12-09T16:00:58 IST" name="createContactTest" finished-at="2024-12-09T16:00:58 IST" duration-ms="3" status="PASS">
          <reporter-output>
          </reporter-output>
        </test-method> <!-- createContactTest -->
        <test-method signature="modifyContactTest()[pri:0, instance:com.vtiger.crm.createContact.ContactTest@4b8ee4de]" started-at="2024-12-09T16:00:58 IST" name="modifyContactTest" finished-at="2024-12-09T16:00:58 IST" duration-ms="0" status="PASS">
          <reporter-output>
          </reporter-output>
        </test-method> <!-- modifyContactTest -->
      </class> <!-- com.vtiger.crm.createContact.ContactTest -->
      <class name="com.vtiger.crm.createOrg.OrgTest">
        <test-method signature="createOrgTest()[pri:0, instance:com.vtiger.crm.createOrg.OrgTest@771a660]" started-at="2024-12-09T16:00:58 IST" name="createOrgTest" finished-at="2024-12-09T16:00:58 IST" duration-ms="1" status="PASS">
          <reporter-output>
          </reporter-output>
        </test-method> <!-- createOrgTest -->
        <test-method signature="modifyOrgTest()[pri:0, instance:com.vtiger.crm.createOrg.OrgTest@771a660]" started-at="2024-12-09T16:00:58 IST" name="modifyOrgTest" finished-at="2024-12-09T16:00:58 IST" duration-ms="1" status="PASS">
          <reporter-output>
          </reporter-output>
        </test-method> <!-- modifyOrgTest -->
      </class> <!-- com.vtiger.crm.createOrg.OrgTest -->
    </test> <!-- Test -->
  </suite> <!-- Suite -->
</testng-results>
