<?xml version="1.0" encoding="UTF-8"?>
<!-- Generated by org.testng.reporters.JUnitXMLReporter -->
<testsuite ignored="0" hostname="Gagans-MacBook-Pro.local" failures="0" tests="4" name="Test" time="0.022" errors="0" timestamp="2024-12-09T16:00:58 IST">
  <testcase classname="com.vtiger.crm.createContact.ContactTest" name="createContactTest" time="0.003"/>
  <testcase classname="com.vtiger.crm.createContact.ContactTest" name="modifyContactTest" time="0.0"/>
  <testcase classname="com.vtiger.crm.createOrg.OrgTest" name="createOrgTest" time="0.001"/>
  <testcase classname="com.vtiger.crm.createOrg.OrgTest" name="modifyOrgTest" time="0.001"/>
</testsuite> <!-- Test -->
